[ 2022-01-08 17:21:15,014 ] Asset loading complete
[ 2022-01-13 23:33:29,842 ] Asset loading complete
[ 2022-01-17 15:26:52,149 ] Asset loading complete
[ 2022-01-19 19:11:15,105 ] Asset loading complete
[ 2022-01-19 19:16:35,984 ] Sessiondump read:
WorldName: Tibia
Timestamp:05/11/2018 01:39
Header length:44
Character:Tutorial
[ 2022-01-19 19:18:26,842 ] BattlEye: "Initialized (v1.246)"
[ 2022-01-19 19:18:27,002 ] Request connection to gameserver  "tcp://prod-cf-sa.tibia.com:7171"  (unprotected:  "tcp://prod-lb-sa.tibia.com:7171" )  requested (Charakter "Atean Rayenth" )
[ 2022-01-19 19:18:27,003 ] Request connection to gameserver  "tcp://prod-cf-sa.tibia.com:7171" "Celebra"
[ 2022-01-19 19:18:27,149 ] Connected to gameserver  "tcp://prod-cf-sa.tibia.com:7171" "Celebra"
[ 2022-01-19 19:18:34,680 ] Connection to gameserver  "tcp://prod-cf-sa.tibia.com:7171" "Celebra"  was disconnected ( "The remote host closed the connection" )
[ 2022-01-19 19:18:34,692 ] Disconnected from gameserver
[ 2022-01-19 19:18:48,256 ] BattlEye: "Initialized (v1.246)"
[ 2022-01-19 19:18:48,413 ] Request connection to gameserver  "tcp://prod-cf-sa.tibia.com:7171"  (unprotected:  "tcp://prod-lb-sa.tibia.com:7171" )  requested (Charakter "Atean Rayenth" )
[ 2022-01-19 19:18:48,413 ] Request connection to gameserver  "tcp://prod-cf-sa.tibia.com:7171" "Celebra"
[ 2022-01-19 19:18:52,084 ] Connected to gameserver  "tcp://prod-cf-sa.tibia.com:7171" "Celebra"
[ 2022-01-19 19:18:56,231 ] Connection to gameserver  "tcp://prod-cf-sa.tibia.com:7171" "Celebra"  was disconnected ( "The remote host closed the connection" )
[ 2022-01-19 19:18:56,244 ] Disconnected from gameserver
[ 2022-01-19 19:18:59,199 ] BattlEye: "Initialized (v1.246)"
[ 2022-01-19 19:18:59,340 ] Request connection to gameserver  "tcp://prod-cf-sa.tibia.com:7171"  (unprotected:  "tcp://prod-lb-sa.tibia.com:7171" )  requested (Charakter "Atean Rayenth" )
[ 2022-01-19 19:18:59,341 ] Request connection to gameserver  "tcp://prod-cf-sa.tibia.com:7171" "Celebra"
[ 2022-01-19 19:18:59,480 ] Connected to gameserver  "tcp://prod-cf-sa.tibia.com:7171" "Celebra"
[ 2022-01-19 19:19:00,646 ] Request connection to gameserver  "tcp://prod-lb-sa.tibia.com:7171" "Celebra"
[ 2022-01-19 19:19:10,543 ] Backup connection to gameserver  "tcp://prod-lb-sa.tibia.com:7171" "Celebra" established
[ 2022-01-19 19:19:12,229 ] BattlEye: "Server computed GUID: b7dcd884875f1f758f948c08b6918dbf"
[ 2022-01-19 19:19:36,926 ] Connection to gameserver  "tcp://prod-cf-sa.tibia.com:7171" "Celebra"  was disconnected ( "" )
[ 2022-01-19 19:19:36,926 ] Connection to gameserver  "tcp://prod-lb-sa.tibia.com:7171" "Celebra"  was disconnected ( "" )
[ 2022-01-19 19:19:37,074 ] Disconnected from gameserver
[ 2022-01-19 19:19:39,918 ] BattlEye: "Initialized (v1.246)"
[ 2022-01-19 19:19:40,065 ] Request connection to gameserver  "tcp://prod-cf-sa.tibia.com:7171"  (unprotected:  "tcp://prod-lb-sa.tibia.com:7171" )  requested (Charakter "Atean Rayenth" )
[ 2022-01-19 19:19:40,065 ] Request connection to gameserver  "tcp://prod-cf-sa.tibia.com:7171" "Celebra"
[ 2022-01-19 19:19:57,086 ] Connected to gameserver  "tcp://prod-cf-sa.tibia.com:7171" "Celebra"
[ 2022-01-19 19:20:33,236 ] BattlEye: "Initialized (v1.246)"
[ 2022-01-19 19:20:33,379 ] Request connection to gameserver  "tcp://prod-cf-sa.tibia.com:7171"  (unprotected:  "tcp://prod-lb-sa.tibia.com:7171" )  requested (Charakter "Atean Rayenth" )
[ 2022-01-19 19:20:33,379 ] Request connection to gameserver  "tcp://prod-cf-sa.tibia.com:7171" "Celebra"
[ 2022-01-19 19:20:51,601 ] BattlEye: "Initialized (v1.246)"
[ 2022-01-19 19:20:51,739 ] Request connection to gameserver  "tcp://prod-cf-sa.tibia.com:7171"  (unprotected:  "tcp://prod-lb-sa.tibia.com:7171" )  requested (Charakter "Atean Rayenth" )
[ 2022-01-19 19:20:51,740 ] Request connection to gameserver  "tcp://prod-cf-sa.tibia.com:7171" "Celebra"
[ 2022-01-19 19:20:53,361 ] Connected to gameserver  "tcp://prod-cf-sa.tibia.com:7171" "Celebra"
[ 2022-01-19 19:20:59,591 ] News query failed: "Connection closed"
[ 2022-01-19 19:20:59,591 ] News query failed: "Connection closed"
[ 2022-01-19 19:21:01,425 ] Connection to gameserver  "tcp://prod-cf-sa.tibia.com:7171" "Celebra"  was disconnected ( "The remote host closed the connection" )
[ 2022-01-19 19:21:01,436 ] Disconnected from gameserver
[ 2022-01-19 19:38:59,214 ] Asset loading complete
[ 2022-01-19 19:39:15,581 ] BattlEye: "Initialized (v1.246)"
[ 2022-01-19 19:39:15,759 ] Request connection to gameserver  "tcp://prod-cf-sa.tibia.com:7171"  (unprotected:  "tcp://prod-lb-sa.tibia.com:7171" )  requested (Charakter "Atean Rayenth" )
[ 2022-01-19 19:39:15,759 ] Request connection to gameserver  "tcp://prod-cf-sa.tibia.com:7171" "Celebra"
[ 2022-01-19 19:39:15,787 ] Connected to gameserver  "tcp://prod-cf-sa.tibia.com:7171" "Celebra"
[ 2022-01-19 19:39:16,236 ] Request connection to gameserver  "tcp://prod-lb-sa.tibia.com:7171" "Celebra"
[ 2022-01-19 19:39:17,336 ] Backup connection to gameserver  "tcp://prod-lb-sa.tibia.com:7171" "Celebra" established
[ 2022-01-19 19:39:19,599 ] BattlEye: "Server computed GUID: b7dcd884875f1f758f948c08b6918dbf"
[ 2022-01-19 19:39:32,179 ] Connection to gameserver  "tcp://prod-cf-sa.tibia.com:7171" "Celebra"  was disconnected ( "The remote host closed the connection" )
[ 2022-01-19 19:39:32,179 ] Connection to gameserver  "tcp://prod-lb-sa.tibia.com:7171" "Celebra"  was disconnected ( "The remote host closed the connection" )
[ 2022-01-19 19:39:32,333 ] Disconnected from gameserver
[ 2022-01-19 19:39:38,744 ] BattlEye: "Initialized (v1.246)"
[ 2022-01-19 19:39:38,890 ] Request connection to gameserver  "tcp://prod-cf-sa.tibia.com:7171"  (unprotected:  "tcp://prod-lb-sa.tibia.com:7171" )  requested (Charakter "Atean Rayenth" )
[ 2022-01-19 19:39:38,890 ] Request connection to gameserver  "tcp://prod-cf-sa.tibia.com:7171" "Celebra"
[ 2022-01-19 19:39:38,927 ] Connected to gameserver  "tcp://prod-cf-sa.tibia.com:7171" "Celebra"
[ 2022-01-19 19:39:39,380 ] Request connection to gameserver  "tcp://prod-lb-sa.tibia.com:7171" "Celebra"
[ 2022-01-19 19:39:39,412 ] Backup connection to gameserver  "tcp://prod-lb-sa.tibia.com:7171" "Celebra" established
[ 2022-01-19 19:39:42,796 ] BattlEye: "Server computed GUID: b7dcd884875f1f758f948c08b6918dbf"
[ 2022-01-19 20:02:06,174 ] Connection to gameserver  "tcp://prod-cf-sa.tibia.com:7171" "Celebra"  was disconnected ( "The remote host closed the connection" )
[ 2022-01-19 20:02:06,174 ] Connection to gameserver  "tcp://prod-lb-sa.tibia.com:7171" "Celebra"  was disconnected ( "The remote host closed the connection" )
[ 2022-01-19 20:02:06,360 ] Disconnected from gameserver
[ 2022-01-19 20:04:02,154 ] BattlEye: "Initialized (v1.246)"
[ 2022-01-19 20:04:02,306 ] Request connection to gameserver  "tcp://prod-cf-sa.tibia.com:7171"  (unprotected:  "tcp://prod-lb-sa.tibia.com:7171" )  requested (Charakter "Atean Rayenth" )
[ 2022-01-19 20:04:02,307 ] Request connection to gameserver  "tcp://prod-cf-sa.tibia.com:7171" "Celebra"
[ 2022-01-19 20:04:02,337 ] Connected to gameserver  "tcp://prod-cf-sa.tibia.com:7171" "Celebra"
[ 2022-01-19 20:04:02,840 ] Request connection to gameserver  "tcp://prod-lb-sa.tibia.com:7171" "Celebra"
[ 2022-01-19 20:04:02,937 ] Backup connection to gameserver  "tcp://prod-lb-sa.tibia.com:7171" "Celebra" established
[ 2022-01-19 20:04:06,170 ] BattlEye: "Server computed GUID: b7dcd884875f1f758f948c08b6918dbf"
[ 2022-01-19 20:04:10,220 ] Connection to gameserver  "tcp://prod-lb-sa.tibia.com:7171" "Celebra"  was disconnected ( "The remote host closed the connection" )
[ 2022-01-19 20:04:10,221 ] Connection to gameserver  "tcp://prod-cf-sa.tibia.com:7171" "Celebra"  was disconnected ( "The remote host closed the connection" )
[ 2022-01-19 20:04:10,390 ] Disconnected from gameserver
[ 2022-01-19 20:04:15,377 ] BattlEye: "Initialized (v1.246)"
[ 2022-01-19 20:04:15,524 ] Request connection to gameserver  "tcp://prod-cf-sa.tibia.com:7171"  (unprotected:  "tcp://prod-lb-sa.tibia.com:7171" )  requested (Charakter "Atean Rayenth" )
[ 2022-01-19 20:04:15,524 ] Request connection to gameserver  "tcp://prod-cf-sa.tibia.com:7171" "Celebra"
[ 2022-01-19 20:04:15,552 ] Connected to gameserver  "tcp://prod-cf-sa.tibia.com:7171" "Celebra"
[ 2022-01-19 20:04:15,938 ] Request connection to gameserver  "tcp://prod-lb-sa.tibia.com:7171" "Celebra"
[ 2022-01-19 20:04:15,970 ] Backup connection to gameserver  "tcp://prod-lb-sa.tibia.com:7171" "Celebra" established
[ 2022-01-19 20:04:19,403 ] BattlEye: "Server computed GUID: b7dcd884875f1f758f948c08b6918dbf"
[ 2022-01-19 20:18:57,867 ] Connection to gameserver  "tcp://prod-cf-sa.tibia.com:7171" "Celebra"  was disconnected ( "The remote host closed the connection" )
[ 2022-01-19 20:18:58,872 ] Connection to gameserver  "tcp://prod-lb-sa.tibia.com:7171" "Celebra"  was disconnected ( "The remote host closed the connection" )
[ 2022-01-19 20:19:00,667 ] Disconnected from gameserver
[ 2022-01-19 20:19:12,604 ] BattlEye: "Initialized (v1.246)"
[ 2022-01-19 20:19:12,773 ] Request connection to gameserver  "tcp://prod-cf-sa.tibia.com:7171"  (unprotected:  "tcp://prod-lb-sa.tibia.com:7171" )  requested (Charakter "Atean Rayenth" )
[ 2022-01-19 20:19:12,773 ] Request connection to gameserver  "tcp://prod-cf-sa.tibia.com:7171" "Celebra"
[ 2022-01-19 20:19:12,834 ] Connected to gameserver  "tcp://prod-cf-sa.tibia.com:7171" "Celebra"
[ 2022-01-19 20:19:13,287 ] Request connection to gameserver  "tcp://prod-lb-sa.tibia.com:7171" "Celebra"
[ 2022-01-19 20:19:13,383 ] Backup connection to gameserver  "tcp://prod-lb-sa.tibia.com:7171" "Celebra" established
[ 2022-01-19 20:19:16,644 ] BattlEye: "Server computed GUID: b7dcd884875f1f758f948c08b6918dbf"
[ 2022-01-19 21:11:13,193 ] Connection to gameserver  "tcp://prod-cf-sa.tibia.com:7171" "Celebra"  was disconnected ( "The remote host closed the connection" )
[ 2022-01-19 21:11:13,194 ] Connection to gameserver  "tcp://prod-lb-sa.tibia.com:7171" "Celebra"  was disconnected ( "The remote host closed the connection" )
[ 2022-01-19 21:11:13,412 ] Disconnected from gameserver
[ 2022-01-19 21:11:17,187 ] BattlEye: "Initialized (v1.246)"
[ 2022-01-19 21:11:17,359 ] Request connection to gameserver  "tcp://prod-cf-sa.tibia.com:7171"  (unprotected:  "tcp://prod-lb-sa.tibia.com:7171" )  requested (Charakter "Atean Rayenth" )
[ 2022-01-19 21:11:17,359 ] Request connection to gameserver  "tcp://prod-cf-sa.tibia.com:7171" "Celebra"
[ 2022-01-19 21:11:17,391 ] Connected to gameserver  "tcp://prod-cf-sa.tibia.com:7171" "Celebra"
[ 2022-01-19 21:11:17,797 ] Request connection to gameserver  "tcp://prod-lb-sa.tibia.com:7171" "Celebra"
[ 2022-01-19 21:11:17,877 ] Backup connection to gameserver  "tcp://prod-lb-sa.tibia.com:7171" "Celebra" established
[ 2022-01-19 21:11:21,220 ] BattlEye: "Server computed GUID: b7dcd884875f1f758f948c08b6918dbf"
[ 2022-01-19 21:11:23,178 ] Connection to gameserver  "tcp://prod-lb-sa.tibia.com:7171" "Celebra"  was disconnected ( "The remote host closed the connection" )
[ 2022-01-19 21:11:23,179 ] Connection to gameserver  "tcp://prod-cf-sa.tibia.com:7171" "Celebra"  was disconnected ( "The remote host closed the connection" )
[ 2022-01-19 21:11:23,355 ] Disconnected from gameserver
[ 2022-01-19 21:11:27,653 ] BattlEye: "Initialized (v1.246)"
[ 2022-01-19 21:11:27,808 ] Request connection to gameserver  "tcp://prod-cf-sa.tibia.com:7171"  (unprotected:  "tcp://prod-lb-sa.tibia.com:7171" )  requested (Charakter "Atean Rayenth" )
[ 2022-01-19 21:11:27,808 ] Request connection to gameserver  "tcp://prod-cf-sa.tibia.com:7171" "Celebra"
[ 2022-01-19 21:11:27,840 ] Connected to gameserver  "tcp://prod-cf-sa.tibia.com:7171" "Celebra"
[ 2022-01-19 21:11:28,342 ] Request connection to gameserver  "tcp://prod-lb-sa.tibia.com:7171" "Celebra"
[ 2022-01-19 21:11:28,407 ] Backup connection to gameserver  "tcp://prod-lb-sa.tibia.com:7171" "Celebra" established
[ 2022-01-19 21:11:32,675 ] BattlEye: "Server computed GUID: b7dcd884875f1f758f948c08b6918dbf"
[ 2022-01-19 23:06:44,700 ] Asset loading complete
[ 2022-01-19 23:07:02,710 ] BattlEye: "Initialized (v1.246)"
[ 2022-01-19 23:07:02,895 ] Request connection to gameserver  "tcp://prod-cf-sa.tibia.com:7171"  (unprotected:  "tcp://prod-lb-sa.tibia.com:7171" )  requested (Charakter "Atean Rayenth" )
[ 2022-01-19 23:07:02,895 ] Request connection to gameserver  "tcp://prod-cf-sa.tibia.com:7171" "Celebra"
[ 2022-01-19 23:07:02,943 ] Connected to gameserver  "tcp://prod-cf-sa.tibia.com:7171" "Celebra"
[ 2022-01-19 23:07:03,343 ] Request connection to gameserver  "tcp://prod-lb-sa.tibia.com:7171" "Celebra"
[ 2022-01-19 23:07:03,423 ] Backup connection to gameserver  "tcp://prod-lb-sa.tibia.com:7171" "Celebra" established
[ 2022-01-19 23:07:05,727 ] BattlEye: "Server computed GUID: b7dcd884875f1f758f948c08b6918dbf"
[ 2022-01-20 11:52:00,476 ] Asset loading complete
[ 2022-01-20 11:52:28,448 ] BattlEye: "Initialized (v1.246)"
[ 2022-01-20 11:52:28,617 ] Request connection to gameserver  "tcp://prod-cf-sa.tibia.com:7171"  (unprotected:  "tcp://prod-lb-sa.tibia.com:7171" )  requested (Charakter "Atean Rayenth" )
[ 2022-01-20 11:52:28,617 ] Request connection to gameserver  "tcp://prod-cf-sa.tibia.com:7171" "Celebra"
[ 2022-01-20 11:52:28,657 ] Connected to gameserver  "tcp://prod-cf-sa.tibia.com:7171" "Celebra"
[ 2022-01-20 11:52:29,174 ] Request connection to gameserver  "tcp://prod-lb-sa.tibia.com:7171" "Celebra"
[ 2022-01-20 11:52:34,820 ] Backup connection to gameserver  "tcp://prod-lb-sa.tibia.com:7171" "Celebra" established
[ 2022-01-20 11:52:34,823 ] BattlEye: "Server computed GUID: b7dcd884875f1f758f948c08b6918dbf"
[ 2022-01-20 11:52:58,595 ] Connection to gameserver  "tcp://prod-lb-sa.tibia.com:7171" "Celebra"  was disconnected ( "The remote host closed the connection" )
[ 2022-01-20 11:52:58,596 ] Connection to gameserver  "tcp://prod-cf-sa.tibia.com:7171" "Celebra"  was disconnected ( "The remote host closed the connection" )
[ 2022-01-20 11:52:58,771 ] Disconnected from gameserver
[ 2022-01-20 11:53:02,804 ] BattlEye: "Initialized (v1.246)"
[ 2022-01-20 11:53:02,956 ] Request connection to gameserver  "tcp://prod-cf-sa.tibia.com:7171"  (unprotected:  "tcp://prod-lb-sa.tibia.com:7171" )  requested (Charakter "Atean Rayenth" )
[ 2022-01-20 11:53:02,956 ] Request connection to gameserver  "tcp://prod-cf-sa.tibia.com:7171" "Celebra"
[ 2022-01-20 11:53:02,995 ] Connected to gameserver  "tcp://prod-cf-sa.tibia.com:7171" "Celebra"
[ 2022-01-20 11:53:03,380 ] Request connection to gameserver  "tcp://prod-lb-sa.tibia.com:7171" "Celebra"
[ 2022-01-20 11:53:03,413 ] Backup connection to gameserver  "tcp://prod-lb-sa.tibia.com:7171" "Celebra" established
[ 2022-01-20 11:53:05,828 ] BattlEye: "Server computed GUID: b7dcd884875f1f758f948c08b6918dbf"
[ 2022-01-21 20:36:15,577 ] Asset loading complete
[ 2022-01-21 21:03:18,116 ] Asset loading complete
[ 2022-01-21 21:03:37,875 ] BattlEye: "Initialized (v1.246)"
[ 2022-01-21 21:03:38,049 ] Request connection to gameserver  "tcp://prod-cf-sa.tibia.com:7171"  (unprotected:  "tcp://prod-lb-sa.tibia.com:7171" )  requested (Charakter "Atean Rayenth" )
[ 2022-01-21 21:03:38,050 ] Request connection to gameserver  "tcp://prod-cf-sa.tibia.com:7171" "Celebra"
[ 2022-01-21 21:03:38,084 ] Connected to gameserver  "tcp://prod-cf-sa.tibia.com:7171" "Celebra"
[ 2022-01-21 21:03:38,472 ] Request connection to gameserver  "tcp://prod-lb-sa.tibia.com:7171" "Celebra"
[ 2022-01-21 21:03:38,569 ] Backup connection to gameserver  "tcp://prod-lb-sa.tibia.com:7171" "Celebra" established
[ 2022-01-21 21:03:40,901 ] BattlEye: "Server computed GUID: b7dcd884875f1f758f948c08b6918dbf"
[ 2022-01-26 11:17:32,189 ] Asset loading complete
[ 2022-01-26 11:43:59,584 ] Asset loading complete
[ 2022-01-26 11:44:13,815 ] Asset loading complete
